<?xml version='1.0' encoding='UTF-8'?>
<result plugin="junit@1.21">
  <suites>
    <suite>
      <file>/var/jenkins_home/workspace/pipeline-demo/spring-petclinic/target/surefire-reports/TEST-org.springframework.samples.petclinic.model.ValidatorTests.xml</file>
      <name>org.springframework.samples.petclinic.model.ValidatorTests</name>
      <duration>3.221</duration>
      <time>3.221</time>
      <cases>
        <case>
          <duration>3.221</duration>
          <className>org.springframework.samples.petclinic.model.ValidatorTests</className>
          <testName>shouldNotValidateWhenFirstNameEmpty</testName>
          <skipped>false</skipped>
          <failedSince>0</failedSince>
        </case>
      </cases>
    </suite>
    <suite>
      <file>/var/jenkins_home/workspace/pipeline-demo/spring-petclinic/target/surefire-reports/TEST-org.springframework.samples.petclinic.owner.OwnerControllerTests.xml</file>
      <name>org.springframework.samples.petclinic.owner.OwnerControllerTests</name>
      <duration>7.543</duration>
      <time>7.543</time>
      <cases>
        <case>
          <duration>5.141</duration>
          <className>org.springframework.samples.petclinic.owner.OwnerControllerTests</className>
          <testName>testProcessUpdateOwnerFormHasErrors</testName>
          <skipped>false</skipped>
          <failedSince>0</failedSince>
        </case>
        <case>
          <duration>0.067</duration>
          <className>org.springframework.samples.petclinic.owner.OwnerControllerTests</className>
          <testName>testProcessCreationFormSuccess</testName>
          <skipped>false</skipped>
          <failedSince>0</failedSince>
        </case>
        <case>
          <duration>0.398</duration>
          <className>org.springframework.samples.petclinic.owner.OwnerControllerTests</className>
          <testName>testInitFindForm</testName>
          <skipped>false</skipped>
          <failedSince>0</failedSince>
        </case>
        <case>
          <duration>0.338</duration>
          <className>org.springframework.samples.petclinic.owner.OwnerControllerTests</className>
          <testName>testShowOwner</testName>
          <skipped>false</skipped>
          <failedSince>0</failedSince>
        </case>
        <case>
          <duration>0.126</duration>
          <className>org.springframework.samples.petclinic.owner.OwnerControllerTests</className>
          <testName>testInitUpdateOwnerForm</testName>
          <skipped>false</skipped>
          <failedSince>0</failedSince>
        </case>
        <case>
          <duration>0.396</duration>
          <className>org.springframework.samples.petclinic.owner.OwnerControllerTests</className>
          <testName>testInitCreationForm</testName>
          <skipped>false</skipped>
          <failedSince>0</failedSince>
        </case>
        <case>
          <duration>0.04</duration>
          <className>org.springframework.samples.petclinic.owner.OwnerControllerTests</className>
          <testName>testProcessFindFormByLastName</testName>
          <skipped>false</skipped>
          <failedSince>0</failedSince>
        </case>
        <case>
          <duration>0.292</duration>
          <className>org.springframework.samples.petclinic.owner.OwnerControllerTests</className>
          <testName>testProcessFindFormNoOwnersFound</testName>
          <skipped>false</skipped>
          <failedSince>0</failedSince>
        </case>
        <case>
          <duration>0.449</duration>
          <className>org.springframework.samples.petclinic.owner.OwnerControllerTests</className>
          <testName>testProcessFindFormSuccess</testName>
          <skipped>false</skipped>
          <failedSince>0</failedSince>
        </case>
        <case>
          <duration>0.103</duration>
          <className>org.springframework.samples.petclinic.owner.OwnerControllerTests</className>
          <testName>testProcessUpdateOwnerFormSuccess</testName>
          <skipped>false</skipped>
          <failedSince>0</failedSince>
        </case>
        <case>
          <duration>0.193</duration>
          <className>org.springframework.samples.petclinic.owner.OwnerControllerTests</className>
          <testName>testProcessCreationFormHasErrors</testName>
          <skipped>false</skipped>
          <failedSince>0</failedSince>
        </case>
      </cases>
    </suite>
    <suite>
      <file>/var/jenkins_home/workspace/pipeline-demo/spring-petclinic/target/surefire-reports/TEST-org.springframework.samples.petclinic.owner.PetControllerTests.xml</file>
      <name>org.springframework.samples.petclinic.owner.PetControllerTests</name>
      <duration>2.006</duration>
      <time>2.006</time>
      <cases>
        <case>
          <duration>0.341</duration>
          <className>org.springframework.samples.petclinic.owner.PetControllerTests</className>
          <testName>testProcessCreationFormSuccess</testName>
          <skipped>false</skipped>
          <failedSince>0</failedSince>
        </case>
        <case>
          <duration>0.09</duration>
          <className>org.springframework.samples.petclinic.owner.PetControllerTests</className>
          <testName>testProcessUpdateFormSuccess</testName>
          <skipped>false</skipped>
          <failedSince>0</failedSince>
        </case>
        <case>
          <duration>0.862</duration>
          <className>org.springframework.samples.petclinic.owner.PetControllerTests</className>
          <testName>testInitUpdateForm</testName>
          <skipped>false</skipped>
          <failedSince>0</failedSince>
        </case>
        <case>
          <duration>0.243</duration>
          <className>org.springframework.samples.petclinic.owner.PetControllerTests</className>
          <testName>testInitCreationForm</testName>
          <skipped>false</skipped>
          <failedSince>0</failedSince>
        </case>
        <case>
          <duration>0.281</duration>
          <className>org.springframework.samples.petclinic.owner.PetControllerTests</className>
          <testName>testProcessCreationFormHasErrors</testName>
          <skipped>false</skipped>
          <failedSince>0</failedSince>
        </case>
        <case>
          <duration>0.189</duration>
          <className>org.springframework.samples.petclinic.owner.PetControllerTests</className>
          <testName>testProcessUpdateFormHasErrors</testName>
          <skipped>false</skipped>
          <failedSince>0</failedSince>
        </case>
      </cases>
    </suite>
    <suite>
      <file>/var/jenkins_home/workspace/pipeline-demo/spring-petclinic/target/surefire-reports/TEST-org.springframework.samples.petclinic.owner.PetTypeFormatterTests.xml</file>
      <name>org.springframework.samples.petclinic.owner.PetTypeFormatterTests</name>
      <duration>0.029</duration>
      <time>0.029</time>
      <cases>
        <case>
          <duration>0.024</duration>
          <className>org.springframework.samples.petclinic.owner.PetTypeFormatterTests</className>
          <testName>shouldThrowParseException</testName>
          <skipped>false</skipped>
          <failedSince>0</failedSince>
        </case>
        <case>
          <duration>0.001</duration>
          <className>org.springframework.samples.petclinic.owner.PetTypeFormatterTests</className>
          <testName>testPrint</testName>
          <skipped>false</skipped>
          <failedSince>0</failedSince>
        </case>
        <case>
          <duration>0.004</duration>
          <className>org.springframework.samples.petclinic.owner.PetTypeFormatterTests</className>
          <testName>shouldParse</testName>
          <skipped>false</skipped>
          <failedSince>0</failedSince>
        </case>
      </cases>
    </suite>
    <suite>
      <file>/var/jenkins_home/workspace/pipeline-demo/spring-petclinic/target/surefire-reports/TEST-org.springframework.samples.petclinic.owner.VisitControllerTests.xml</file>
      <name>org.springframework.samples.petclinic.owner.VisitControllerTests</name>
      <duration>0.632</duration>
      <time>0.632</time>
      <cases>
        <case>
          <duration>0.531</duration>
          <className>org.springframework.samples.petclinic.owner.VisitControllerTests</className>
          <testName>testProcessNewVisitFormHasErrors</testName>
          <skipped>false</skipped>
          <failedSince>0</failedSince>
        </case>
        <case>
          <duration>0.023</duration>
          <className>org.springframework.samples.petclinic.owner.VisitControllerTests</className>
          <testName>testProcessNewVisitFormSuccess</testName>
          <skipped>false</skipped>
          <failedSince>0</failedSince>
        </case>
        <case>
          <duration>0.078</duration>
          <className>org.springframework.samples.petclinic.owner.VisitControllerTests</className>
          <testName>testInitNewVisitForm</testName>
          <skipped>false</skipped>
          <failedSince>0</failedSince>
        </case>
      </cases>
    </suite>
    <suite>
      <file>/var/jenkins_home/workspace/pipeline-demo/spring-petclinic/target/surefire-reports/TEST-org.springframework.samples.petclinic.service.ClinicServiceTests.xml</file>
      <name>org.springframework.samples.petclinic.service.ClinicServiceTests</name>
      <duration>2.242</duration>
      <time>2.242</time>
      <cases>
        <case>
          <duration>0.497</duration>
          <className>org.springframework.samples.petclinic.service.ClinicServiceTests</className>
          <testName>shouldFindVets</testName>
          <skipped>false</skipped>
          <failedSince>0</failedSince>
        </case>
        <case>
          <duration>0.271</duration>
          <className>org.springframework.samples.petclinic.service.ClinicServiceTests</className>
          <testName>shouldFindOwnersByLastName</testName>
          <skipped>false</skipped>
          <failedSince>0</failedSince>
        </case>
        <case>
          <duration>0.325</duration>
          <className>org.springframework.samples.petclinic.service.ClinicServiceTests</className>
          <testName>shouldAddNewVisitForPet</testName>
          <skipped>false</skipped>
          <failedSince>0</failedSince>
        </case>
        <case>
          <duration>0.25</duration>
          <className>org.springframework.samples.petclinic.service.ClinicServiceTests</className>
          <testName>shouldUpdateOwner</testName>
          <skipped>false</skipped>
          <failedSince>0</failedSince>
        </case>
        <case>
          <duration>0.104</duration>
          <className>org.springframework.samples.petclinic.service.ClinicServiceTests</className>
          <testName>shouldFindVisitsByPetId</testName>
          <skipped>false</skipped>
          <failedSince>0</failedSince>
        </case>
        <case>
          <duration>0.13</duration>
          <className>org.springframework.samples.petclinic.service.ClinicServiceTests</className>
          <testName>shouldInsertPetIntoDatabaseAndGenerateId</testName>
          <skipped>false</skipped>
          <failedSince>0</failedSince>
        </case>
        <case>
          <duration>0.139</duration>
          <className>org.springframework.samples.petclinic.service.ClinicServiceTests</className>
          <testName>shouldInsertOwner</testName>
          <skipped>false</skipped>
          <failedSince>0</failedSince>
        </case>
        <case>
          <duration>0.112</duration>
          <className>org.springframework.samples.petclinic.service.ClinicServiceTests</className>
          <testName>shouldFindSingleOwnerWithPet</testName>
          <skipped>false</skipped>
          <failedSince>0</failedSince>
        </case>
        <case>
          <duration>0.265</duration>
          <className>org.springframework.samples.petclinic.service.ClinicServiceTests</className>
          <testName>shouldUpdatePetName</testName>
          <skipped>false</skipped>
          <failedSince>0</failedSince>
        </case>
        <case>
          <duration>0.052</duration>
          <className>org.springframework.samples.petclinic.service.ClinicServiceTests</className>
          <testName>shouldFindAllPetTypes</testName>
          <skipped>false</skipped>
          <failedSince>0</failedSince>
        </case>
        <case>
          <duration>0.097</duration>
          <className>org.springframework.samples.petclinic.service.ClinicServiceTests</className>
          <testName>shouldFindPetWithCorrectId</testName>
          <skipped>false</skipped>
          <failedSince>0</failedSince>
        </case>
      </cases>
    </suite>
    <suite>
      <file>/var/jenkins_home/workspace/pipeline-demo/spring-petclinic/target/surefire-reports/TEST-org.springframework.samples.petclinic.system.CrashControllerTests.xml</file>
      <name>org.springframework.samples.petclinic.system.CrashControllerTests</name>
      <duration>0.0</duration>
      <time>0</time>
      <cases>
        <case>
          <duration>0.0</duration>
          <className>org.springframework.samples.petclinic.system.CrashControllerTests</className>
          <testName>org.springframework.samples.petclinic.system.CrashControllerTests</testName>
          <skipped>true</skipped>
          <failedSince>0</failedSince>
        </case>
      </cases>
    </suite>
    <suite>
      <file>/var/jenkins_home/workspace/pipeline-demo/spring-petclinic/target/surefire-reports/TEST-org.springframework.samples.petclinic.system.ProductionConfigurationTests.xml</file>
      <name>org.springframework.samples.petclinic.system.ProductionConfigurationTests</name>
      <duration>0.313</duration>
      <time>0.313</time>
      <cases>
        <case>
          <duration>0.313</duration>
          <className>org.springframework.samples.petclinic.system.ProductionConfigurationTests</className>
          <testName>testFindAll</testName>
          <skipped>false</skipped>
          <failedSince>0</failedSince>
        </case>
      </cases>
    </suite>
    <suite>
      <file>/var/jenkins_home/workspace/pipeline-demo/spring-petclinic/target/surefire-reports/TEST-org.springframework.samples.petclinic.vet.VetControllerTests.xml</file>
      <name>org.springframework.samples.petclinic.vet.VetControllerTests</name>
      <duration>1.064</duration>
      <time>1.064</time>
      <cases>
        <case>
          <duration>0.486</duration>
          <className>org.springframework.samples.petclinic.vet.VetControllerTests</className>
          <testName>testShowVetListXml</testName>
          <skipped>false</skipped>
          <failedSince>0</failedSince>
        </case>
        <case>
          <duration>0.405</duration>
          <className>org.springframework.samples.petclinic.vet.VetControllerTests</className>
          <testName>testShowVetListHtml</testName>
          <skipped>false</skipped>
          <failedSince>0</failedSince>
        </case>
        <case>
          <duration>0.173</duration>
          <className>org.springframework.samples.petclinic.vet.VetControllerTests</className>
          <testName>testShowResourcesVetList</testName>
          <skipped>false</skipped>
          <failedSince>0</failedSince>
        </case>
      </cases>
    </suite>
    <suite>
      <file>/var/jenkins_home/workspace/pipeline-demo/spring-petclinic/target/surefire-reports/TEST-org.springframework.samples.petclinic.vet.VetTests.xml</file>
      <name>org.springframework.samples.petclinic.vet.VetTests</name>
      <duration>0.005</duration>
      <time>0.005</time>
      <cases>
        <case>
          <duration>0.005</duration>
          <className>org.springframework.samples.petclinic.vet.VetTests</className>
          <testName>testSerialization</testName>
          <skipped>false</skipped>
          <failedSince>0</failedSince>
        </case>
      </cases>
    </suite>
  </suites>
  <duration>17.054998</duration>
  <keepLongStdio>false</keepLongStdio>
</result>