<?xml version='1.0' encoding='UTF-8'?>
<result plugin="junit@1.21">
  <suites>
    <suite>
      <file>/var/jenkins_home/workspace/pipeline-demo/spring-petclinic/target/surefire-reports/TEST-org.springframework.samples.petclinic.model.ValidatorTests.xml</file>
      <name>org.springframework.samples.petclinic.model.ValidatorTests</name>
      <duration>1.8</duration>
      <time>1.8</time>
      <cases>
        <case>
          <duration>1.8</duration>
          <className>org.springframework.samples.petclinic.model.ValidatorTests</className>
          <testName>shouldNotValidateWhenFirstNameEmpty</testName>
          <skipped>false</skipped>
          <failedSince>0</failedSince>
        </case>
      </cases>
    </suite>
    <suite>
      <file>/var/jenkins_home/workspace/pipeline-demo/spring-petclinic/target/surefire-reports/TEST-org.springframework.samples.petclinic.owner.OwnerControllerTests.xml</file>
      <name>org.springframework.samples.petclinic.owner.OwnerControllerTests</name>
      <duration>7.5</duration>
      <time>7.5</time>
      <cases>
        <case>
          <duration>5.808</duration>
          <className>org.springframework.samples.petclinic.owner.OwnerControllerTests</className>
          <testName>testProcessUpdateOwnerFormHasErrors</testName>
          <skipped>false</skipped>
          <failedSince>0</failedSince>
        </case>
        <case>
          <duration>0.2</duration>
          <className>org.springframework.samples.petclinic.owner.OwnerControllerTests</className>
          <testName>testProcessCreationFormSuccess</testName>
          <skipped>false</skipped>
          <failedSince>0</failedSince>
        </case>
        <case>
          <duration>0.213</duration>
          <className>org.springframework.samples.petclinic.owner.OwnerControllerTests</className>
          <testName>testInitFindForm</testName>
          <skipped>false</skipped>
          <failedSince>0</failedSince>
        </case>
        <case>
          <duration>0.351</duration>
          <className>org.springframework.samples.petclinic.owner.OwnerControllerTests</className>
          <testName>testShowOwner</testName>
          <skipped>false</skipped>
          <failedSince>0</failedSince>
        </case>
        <case>
          <duration>0.105</duration>
          <className>org.springframework.samples.petclinic.owner.OwnerControllerTests</className>
          <testName>testInitUpdateOwnerForm</testName>
          <skipped>false</skipped>
          <failedSince>0</failedSince>
        </case>
        <case>
          <duration>0.148</duration>
          <className>org.springframework.samples.petclinic.owner.OwnerControllerTests</className>
          <testName>testInitCreationForm</testName>
          <skipped>false</skipped>
          <failedSince>0</failedSince>
        </case>
        <case>
          <duration>0.079</duration>
          <className>org.springframework.samples.petclinic.owner.OwnerControllerTests</className>
          <testName>testProcessFindFormByLastName</testName>
          <skipped>false</skipped>
          <failedSince>0</failedSince>
        </case>
        <case>
          <duration>0.128</duration>
          <className>org.springframework.samples.petclinic.owner.OwnerControllerTests</className>
          <testName>testProcessFindFormNoOwnersFound</testName>
          <skipped>false</skipped>
          <failedSince>0</failedSince>
        </case>
        <case>
          <duration>0.18</duration>
          <className>org.springframework.samples.petclinic.owner.OwnerControllerTests</className>
          <testName>testProcessFindFormSuccess</testName>
          <skipped>false</skipped>
          <failedSince>0</failedSince>
        </case>
        <case>
          <duration>0.198</duration>
          <className>org.springframework.samples.petclinic.owner.OwnerControllerTests</className>
          <testName>testProcessUpdateOwnerFormSuccess</testName>
          <skipped>false</skipped>
          <failedSince>0</failedSince>
        </case>
        <case>
          <duration>0.09</duration>
          <className>org.springframework.samples.petclinic.owner.OwnerControllerTests</className>
          <testName>testProcessCreationFormHasErrors</testName>
          <skipped>false</skipped>
          <failedSince>0</failedSince>
        </case>
      </cases>
    </suite>
    <suite>
      <file>/var/jenkins_home/workspace/pipeline-demo/spring-petclinic/target/surefire-reports/TEST-org.springframework.samples.petclinic.owner.PetControllerTests.xml</file>
      <name>org.springframework.samples.petclinic.owner.PetControllerTests</name>
      <duration>1.57</duration>
      <time>1.57</time>
      <cases>
        <case>
          <duration>0.401</duration>
          <className>org.springframework.samples.petclinic.owner.PetControllerTests</className>
          <testName>testProcessCreationFormSuccess</testName>
          <skipped>false</skipped>
          <failedSince>0</failedSince>
        </case>
        <case>
          <duration>0.041</duration>
          <className>org.springframework.samples.petclinic.owner.PetControllerTests</className>
          <testName>testProcessUpdateFormSuccess</testName>
          <skipped>false</skipped>
          <failedSince>0</failedSince>
        </case>
        <case>
          <duration>0.769</duration>
          <className>org.springframework.samples.petclinic.owner.PetControllerTests</className>
          <testName>testInitUpdateForm</testName>
          <skipped>false</skipped>
          <failedSince>0</failedSince>
        </case>
        <case>
          <duration>0.088</duration>
          <className>org.springframework.samples.petclinic.owner.PetControllerTests</className>
          <testName>testInitCreationForm</testName>
          <skipped>false</skipped>
          <failedSince>0</failedSince>
        </case>
        <case>
          <duration>0.09</duration>
          <className>org.springframework.samples.petclinic.owner.PetControllerTests</className>
          <testName>testProcessCreationFormHasErrors</testName>
          <skipped>false</skipped>
          <failedSince>0</failedSince>
        </case>
        <case>
          <duration>0.181</duration>
          <className>org.springframework.samples.petclinic.owner.PetControllerTests</className>
          <testName>testProcessUpdateFormHasErrors</testName>
          <skipped>false</skipped>
          <failedSince>0</failedSince>
        </case>
      </cases>
    </suite>
    <suite>
      <file>/var/jenkins_home/workspace/pipeline-demo/spring-petclinic/target/surefire-reports/TEST-org.springframework.samples.petclinic.owner.PetTypeFormatterTests.xml</file>
      <name>org.springframework.samples.petclinic.owner.PetTypeFormatterTests</name>
      <duration>0.048</duration>
      <time>0.048</time>
      <cases>
        <case>
          <duration>0.048</duration>
          <className>org.springframework.samples.petclinic.owner.PetTypeFormatterTests</className>
          <testName>shouldThrowParseException</testName>
          <skipped>false</skipped>
          <failedSince>0</failedSince>
        </case>
        <case>
          <duration>0.0</duration>
          <className>org.springframework.samples.petclinic.owner.PetTypeFormatterTests</className>
          <testName>testPrint</testName>
          <skipped>false</skipped>
          <failedSince>0</failedSince>
        </case>
        <case>
          <duration>0.0</duration>
          <className>org.springframework.samples.petclinic.owner.PetTypeFormatterTests</className>
          <testName>shouldParse</testName>
          <skipped>false</skipped>
          <failedSince>0</failedSince>
        </case>
      </cases>
    </suite>
    <suite>
      <file>/var/jenkins_home/workspace/pipeline-demo/spring-petclinic/target/surefire-reports/TEST-org.springframework.samples.petclinic.owner.VisitControllerTests.xml</file>
      <name>org.springframework.samples.petclinic.owner.VisitControllerTests</name>
      <duration>0.665</duration>
      <time>0.665</time>
      <cases>
        <case>
          <duration>0.533</duration>
          <className>org.springframework.samples.petclinic.owner.VisitControllerTests</className>
          <testName>testProcessNewVisitFormHasErrors</testName>
          <skipped>false</skipped>
          <failedSince>0</failedSince>
        </case>
        <case>
          <duration>0.027</duration>
          <className>org.springframework.samples.petclinic.owner.VisitControllerTests</className>
          <testName>testProcessNewVisitFormSuccess</testName>
          <skipped>false</skipped>
          <failedSince>0</failedSince>
        </case>
        <case>
          <duration>0.105</duration>
          <className>org.springframework.samples.petclinic.owner.VisitControllerTests</className>
          <testName>testInitNewVisitForm</testName>
          <skipped>false</skipped>
          <failedSince>0</failedSince>
        </case>
      </cases>
    </suite>
    <suite>
      <file>/var/jenkins_home/workspace/pipeline-demo/spring-petclinic/target/surefire-reports/TEST-org.springframework.samples.petclinic.service.ClinicServiceTests.xml</file>
      <name>org.springframework.samples.petclinic.service.ClinicServiceTests</name>
      <duration>1.692</duration>
      <time>1.692</time>
      <cases>
        <case>
          <duration>0.435</duration>
          <className>org.springframework.samples.petclinic.service.ClinicServiceTests</className>
          <testName>shouldFindVets</testName>
          <skipped>false</skipped>
          <failedSince>0</failedSince>
        </case>
        <case>
          <duration>0.213</duration>
          <className>org.springframework.samples.petclinic.service.ClinicServiceTests</className>
          <testName>shouldFindOwnersByLastName</testName>
          <skipped>false</skipped>
          <failedSince>0</failedSince>
        </case>
        <case>
          <duration>0.19</duration>
          <className>org.springframework.samples.petclinic.service.ClinicServiceTests</className>
          <testName>shouldAddNewVisitForPet</testName>
          <skipped>false</skipped>
          <failedSince>0</failedSince>
        </case>
        <case>
          <duration>0.084</duration>
          <className>org.springframework.samples.petclinic.service.ClinicServiceTests</className>
          <testName>shouldUpdateOwner</testName>
          <skipped>false</skipped>
          <failedSince>0</failedSince>
        </case>
        <case>
          <duration>0.059</duration>
          <className>org.springframework.samples.petclinic.service.ClinicServiceTests</className>
          <testName>shouldFindVisitsByPetId</testName>
          <skipped>false</skipped>
          <failedSince>0</failedSince>
        </case>
        <case>
          <duration>0.16</duration>
          <className>org.springframework.samples.petclinic.service.ClinicServiceTests</className>
          <testName>shouldInsertPetIntoDatabaseAndGenerateId</testName>
          <skipped>false</skipped>
          <failedSince>0</failedSince>
        </case>
        <case>
          <duration>0.134</duration>
          <className>org.springframework.samples.petclinic.service.ClinicServiceTests</className>
          <testName>shouldInsertOwner</testName>
          <skipped>false</skipped>
          <failedSince>0</failedSince>
        </case>
        <case>
          <duration>0.08</duration>
          <className>org.springframework.samples.petclinic.service.ClinicServiceTests</className>
          <testName>shouldFindSingleOwnerWithPet</testName>
          <skipped>false</skipped>
          <failedSince>0</failedSince>
        </case>
        <case>
          <duration>0.207</duration>
          <className>org.springframework.samples.petclinic.service.ClinicServiceTests</className>
          <testName>shouldUpdatePetName</testName>
          <skipped>false</skipped>
          <failedSince>0</failedSince>
        </case>
        <case>
          <duration>0.054</duration>
          <className>org.springframework.samples.petclinic.service.ClinicServiceTests</className>
          <testName>shouldFindAllPetTypes</testName>
          <skipped>false</skipped>
          <failedSince>0</failedSince>
        </case>
        <case>
          <duration>0.076</duration>
          <className>org.springframework.samples.petclinic.service.ClinicServiceTests</className>
          <testName>shouldFindPetWithCorrectId</testName>
          <skipped>false</skipped>
          <failedSince>0</failedSince>
        </case>
      </cases>
    </suite>
    <suite>
      <file>/var/jenkins_home/workspace/pipeline-demo/spring-petclinic/target/surefire-reports/TEST-org.springframework.samples.petclinic.system.CrashControllerTests.xml</file>
      <name>org.springframework.samples.petclinic.system.CrashControllerTests</name>
      <duration>0.0</duration>
      <time>0</time>
      <cases>
        <case>
          <duration>0.0</duration>
          <className>org.springframework.samples.petclinic.system.CrashControllerTests</className>
          <testName>org.springframework.samples.petclinic.system.CrashControllerTests</testName>
          <skipped>true</skipped>
          <failedSince>0</failedSince>
        </case>
      </cases>
    </suite>
    <suite>
      <file>/var/jenkins_home/workspace/pipeline-demo/spring-petclinic/target/surefire-reports/TEST-org.springframework.samples.petclinic.system.ProductionConfigurationTests.xml</file>
      <name>org.springframework.samples.petclinic.system.ProductionConfigurationTests</name>
      <duration>0.261</duration>
      <time>0.261</time>
      <cases>
        <case>
          <duration>0.261</duration>
          <className>org.springframework.samples.petclinic.system.ProductionConfigurationTests</className>
          <testName>testFindAll</testName>
          <skipped>false</skipped>
          <failedSince>0</failedSince>
        </case>
      </cases>
    </suite>
    <suite>
      <file>/var/jenkins_home/workspace/pipeline-demo/spring-petclinic/target/surefire-reports/TEST-org.springframework.samples.petclinic.vet.VetControllerTests.xml</file>
      <name>org.springframework.samples.petclinic.vet.VetControllerTests</name>
      <duration>6.165</duration>
      <time>6.165</time>
      <cases>
        <case>
          <duration>5.281</duration>
          <className>org.springframework.samples.petclinic.vet.VetControllerTests</className>
          <testName>testShowVetListXml</testName>
          <skipped>false</skipped>
          <failedSince>0</failedSince>
        </case>
        <case>
          <duration>0.604</duration>
          <className>org.springframework.samples.petclinic.vet.VetControllerTests</className>
          <testName>testShowVetListHtml</testName>
          <skipped>false</skipped>
          <failedSince>0</failedSince>
        </case>
        <case>
          <duration>0.28</duration>
          <className>org.springframework.samples.petclinic.vet.VetControllerTests</className>
          <testName>testShowResourcesVetList</testName>
          <skipped>false</skipped>
          <failedSince>0</failedSince>
        </case>
      </cases>
    </suite>
    <suite>
      <file>/var/jenkins_home/workspace/pipeline-demo/spring-petclinic/target/surefire-reports/TEST-org.springframework.samples.petclinic.vet.VetTests.xml</file>
      <name>org.springframework.samples.petclinic.vet.VetTests</name>
      <duration>0.0</duration>
      <time>0</time>
      <cases>
        <case>
          <duration>0.0</duration>
          <className>org.springframework.samples.petclinic.vet.VetTests</className>
          <testName>testSerialization</testName>
          <skipped>false</skipped>
          <failedSince>0</failedSince>
        </case>
      </cases>
    </suite>
  </suites>
  <duration>19.701</duration>
  <keepLongStdio>false</keepLongStdio>
</result>